;  LST file generated by mikroListExporter - v.2.0 
; Date/Time: 22/2/2024 16:22:11
;----------------------------------------------

;Address Opcode 	ASM
0x0000	0xF000EF0E  	GOTO        28
0x0004	0x0000      	NOP
0x0006	0x0000      	NOP
0x0008	0xF000EF00  	GOTO        0
0x000C	0x0000      	NOP
0x000E	0x0000      	NOP
0x0010	0x0000      	NOP
0x0012	0x0000      	NOP
0x0014	0x0000      	NOP
0x0016	0x0000      	NOP
0x0018	0xD7F3      	BRA         0
_main:
;trafficlight.c,2 :: 		void main()
;trafficlight.c,4 :: 		TRISB = 0; // Configure PORTB as output
0x001C	0x6A93      	CLRF        TRISB 
;trafficlight.c,5 :: 		TRISC5_bit = 0;
0x001E	0x9A94      	BCF         TRISC5_bit, BitPos(TRISC5_bit+0) 
;trafficlight.c,6 :: 		ANSELB = 0;
0x0020	0x010F      	MOVLB       15
0x0022	0x6B39      	CLRF        ANSELB, 1
;trafficlight.c,7 :: 		ANSELC = 0;
0x0024	0x6B3A      	CLRF        ANSELC, 1
;trafficlight.c,9 :: 		do
L_main0:
;trafficlight.c,11 :: 		LATB.B0 = 1; // Set PORTB pins to 0
0x0026	0x808A      	BSF         LATB, 0 
;trafficlight.c,12 :: 		LATB.B1 = 0;
0x0028	0x928A      	BCF         LATB, 1 
;trafficlight.c,13 :: 		LATC.B5 = 1;
0x002A	0x8A8B      	BSF         LATC, 5 
;trafficlight.c,14 :: 		Delay_ms(5000); // Delay for 1 second
0x002C	0x0ECB      	MOVLW       203
0x002E	0x6E0B      	MOVWF       R11, 0
0x0030	0x0EEC      	MOVLW       236
0x0032	0x6E0C      	MOVWF       R12, 0
0x0034	0x0E84      	MOVLW       132
0x0036	0x6E0D      	MOVWF       R13, 0
L_main3:
0x0038	0x2E0D      	DECFSZ      R13, 1, 0
0x003A	0xD7FE      	BRA         L_main3
0x003C	0x2E0C      	DECFSZ      R12, 1, 0
0x003E	0xD7FC      	BRA         L_main3
0x0040	0x2E0B      	DECFSZ      R11, 1, 0
0x0042	0xD7FA      	BRA         L_main3
0x0044	0x0000      	NOP
;trafficlight.c,16 :: 		LATB.B0 = 0; // Set PORTB pins to 1
0x0046	0x908A      	BCF         LATB, 0 
;trafficlight.c,17 :: 		LATB.B1 = 1;
0x0048	0x828A      	BSF         LATB, 1 
;trafficlight.c,18 :: 		LATC.B5 = 1;
0x004A	0x8A8B      	BSF         LATC, 5 
;trafficlight.c,19 :: 		Delay_ms(1000); // Delay for 1 second
0x004C	0x0E29      	MOVLW       41
0x004E	0x6E0B      	MOVWF       R11, 0
0x0050	0x0E96      	MOVLW       150
0x0052	0x6E0C      	MOVWF       R12, 0
0x0054	0x0E7F      	MOVLW       127
0x0056	0x6E0D      	MOVWF       R13, 0
L_main4:
0x0058	0x2E0D      	DECFSZ      R13, 1, 0
0x005A	0xD7FE      	BRA         L_main4
0x005C	0x2E0C      	DECFSZ      R12, 1, 0
0x005E	0xD7FC      	BRA         L_main4
0x0060	0x2E0B      	DECFSZ      R11, 1, 0
0x0062	0xD7FA      	BRA         L_main4
;trafficlight.c,21 :: 		LATB.B0 = 0; // Set PORTB pins to 1
0x0064	0x908A      	BCF         LATB, 0 
;trafficlight.c,22 :: 		LATB.B1 = 0;
0x0066	0x928A      	BCF         LATB, 1 
;trafficlight.c,23 :: 		LATC.B5 = 0;
0x0068	0x9A8B      	BCF         LATC, 5 
;trafficlight.c,24 :: 		Delay_ms(5000); // Delay for 1 second
0x006A	0x0ECB      	MOVLW       203
0x006C	0x6E0B      	MOVWF       R11, 0
0x006E	0x0EEC      	MOVLW       236
0x0070	0x6E0C      	MOVWF       R12, 0
0x0072	0x0E84      	MOVLW       132
0x0074	0x6E0D      	MOVWF       R13, 0
L_main5:
0x0076	0x2E0D      	DECFSZ      R13, 1, 0
0x0078	0xD7FE      	BRA         L_main5
0x007A	0x2E0C      	DECFSZ      R12, 1, 0
0x007C	0xD7FC      	BRA         L_main5
0x007E	0x2E0B      	DECFSZ      R11, 1, 0
0x0080	0xD7FA      	BRA         L_main5
0x0082	0x0000      	NOP
;trafficlight.c,25 :: 		} while(1); // Infinite loop
0x0084	0xD7D0      	BRA         L_main0
;trafficlight.c,26 :: 		}
L_end_main:
0x0086	0xD7FF      	BRA         $+0
; end of _main
Symbol List:
//** Routines locations **
//ADDRESS    SIZE    PROCEDURE
//----------------------------------------------
0x001C     [108]    _main
//** Variables locations ** 
//ADDRESS    SIZE    VARIABLE
//----------------------------------------------
0x0000       [1]    R0
0x0001       [1]    R1
0x0002       [1]    R2
0x0003       [1]    R3
0x0004       [1]    R4
0x0005       [1]    R5
0x0006       [1]    R6
0x0007       [1]    R7
0x0008       [1]    R8
0x0009       [1]    R9
0x000A       [1]    R10
0x000B       [1]    R11
0x000C       [1]    R12
0x000D       [1]    R13
0x000E       [1]    R14
0x000F       [1]    R15
0x0010       [1]    R16
0x0011       [1]    R17
0x0012       [1]    R18
0x0013       [1]    R19
0x0014       [1]    R20
0x0F39       [1]    ANSELB
0x0F3A       [1]    ANSELC
0x0F8A       [1]    LATB
0x0F8B       [1]    LATC
0x0F93       [1]    TRISB
0x0F94       [0]    TRISC5_bit
0x0FD8       [1]    STATUS
0x0FD9       [1]    FSR2L
0x0FDA       [1]    FSR2H
0x0FDE       [1]    POSTINC2
0x0FE0       [1]    BSR
0x0FE1       [1]    FSR1L
0x0FE2       [1]    FSR1H
0x0FE4       [1]    PREINC1
0x0FE6       [1]    POSTINC1
0x0FE7       [1]    INDF1
0x0FE8       [1]    WREG
0x0FE9       [1]    FSR0L
0x0FEA       [1]    FSR0H
0x0FEE       [1]    POSTINC0
0x0FF3       [1]    PRODL
0x0FF4       [1]    PRODH
0x0FF5       [1]    TABLAT
0x0FF6       [1]    TBLPTRL
0x0FF7       [1]    TBLPTRH
0x0FF8       [1]    TBLPTRU
